The system is: Linux - 3.13.0-39-generic - x86_64
Compiling the C compiler identification source file "CMakeCCompilerId.c" succeeded.
Compiler: /usr/bin/gcc 
Build flags: 
Id flags: 

The output was:
0


Compilation of the C compiler identification source "CMakeCCompilerId.c" produced "a.out"

The C compiler identification is GNU, found in "/home/noha/Documents/Hiwi/overfeat/src/TH/build/CMakeFiles/2.8.12.2/CompilerIdC/a.out"

Compiling the CXX compiler identification source file "CMakeCXXCompilerId.cpp" succeeded.
Compiler: /usr/bin/g++ 
Build flags: 
Id flags: 

The output was:
0


Compilation of the CXX compiler identification source "CMakeCXXCompilerId.cpp" produced "a.out"

The CXX compiler identification is GNU, found in "/home/noha/Documents/Hiwi/overfeat/src/TH/build/CMakeFiles/2.8.12.2/CompilerIdCXX/a.out"

Determining if the C compiler works passed with the following output:
Change Dir: /home/noha/Documents/Hiwi/overfeat/src/TH/build/CMakeFiles/CMakeTmp

Run Build Command:/usr/bin/make "cmTryCompileExec682373574/fast"
make[2]: Entering directory `/home/noha/Documents/Hiwi/overfeat/src/TH/build/CMakeFiles/CMakeTmp'
/usr/bin/make -f CMakeFiles/cmTryCompileExec682373574.dir/build.make CMakeFiles/cmTryCompileExec682373574.dir/build
make[3]: Entering directory `/home/noha/Documents/Hiwi/overfeat/src/TH/build/CMakeFiles/CMakeTmp'
/usr/bin/cmake -E cmake_progress_report /home/noha/Documents/Hiwi/overfeat/src/TH/build/CMakeFiles/CMakeTmp/CMakeFiles 1
/usr/bin/cmake: /usr/local/lib/libcurl.so.4: no version information available (required by /usr/bin/cmake)
Building C object CMakeFiles/cmTryCompileExec682373574.dir/testCCompiler.c.o
/usr/bin/gcc    -o CMakeFiles/cmTryCompileExec682373574.dir/testCCompiler.c.o   -c /home/noha/Documents/Hiwi/overfeat/src/TH/build/CMakeFiles/CMakeTmp/testCCompiler.c
Linking C executable cmTryCompileExec682373574
/usr/bin/cmake -E cmake_link_script CMakeFiles/cmTryCompileExec682373574.dir/link.txt --verbose=1
/usr/bin/cmake: /usr/local/lib/libcurl.so.4: no version information available (required by /usr/bin/cmake)
/usr/bin/gcc       CMakeFiles/cmTryCompileExec682373574.dir/testCCompiler.c.o  -o cmTryCompileExec682373574 -rdynamic 
make[3]: Leaving directory `/home/noha/Documents/Hiwi/overfeat/src/TH/build/CMakeFiles/CMakeTmp'
make[2]: Leaving directory `/home/noha/Documents/Hiwi/overfeat/src/TH/build/CMakeFiles/CMakeTmp'


Detecting C compiler ABI info compiled with the following output:
Change Dir: /home/noha/Documents/Hiwi/overfeat/src/TH/build/CMakeFiles/CMakeTmp

Run Build Command:/usr/bin/make "cmTryCompileExec149576622/fast"
make[2]: Entering directory `/home/noha/Documents/Hiwi/overfeat/src/TH/build/CMakeFiles/CMakeTmp'
/usr/bin/make -f CMakeFiles/cmTryCompileExec149576622.dir/build.make CMakeFiles/cmTryCompileExec149576622.dir/build
make[3]: Entering directory `/home/noha/Documents/Hiwi/overfeat/src/TH/build/CMakeFiles/CMakeTmp'
/usr/bin/cmake -E cmake_progress_report /home/noha/Documents/Hiwi/overfeat/src/TH/build/CMakeFiles/CMakeTmp/CMakeFiles 1
/usr/bin/cmake: /usr/local/lib/libcurl.so.4: no version information available (required by /usr/bin/cmake)
Building C object CMakeFiles/cmTryCompileExec149576622.dir/CMakeCCompilerABI.c.o
/usr/bin/gcc    -o CMakeFiles/cmTryCompileExec149576622.dir/CMakeCCompilerABI.c.o   -c /usr/share/cmake-2.8/Modules/CMakeCCompilerABI.c
Linking C executable cmTryCompileExec149576622
/usr/bin/cmake -E cmake_link_script CMakeFiles/cmTryCompileExec149576622.dir/link.txt --verbose=1
/usr/bin/cmake: /usr/local/lib/libcurl.so.4: no version information available (required by /usr/bin/cmake)
/usr/bin/gcc     -v CMakeFiles/cmTryCompileExec149576622.dir/CMakeCCompilerABI.c.o  -o cmTryCompileExec149576622 -rdynamic  
Using built-in specs.
COLLECT_GCC=/usr/bin/gcc
COLLECT_LTO_WRAPPER=/usr/lib/gcc/x86_64-linux-gnu/4.8/lto-wrapper
Target: x86_64-linux-gnu
Configured with: ../src/configure -v --with-pkgversion='Ubuntu 4.8.2-19ubuntu1' --with-bugurl=file:///usr/share/doc/gcc-4.8/README.Bugs --enable-languages=c,c++,java,go,d,fortran,objc,obj-c++ --prefix=/usr --program-suffix=-4.8 --enable-shared --enable-linker-build-id --libexecdir=/usr/lib --without-included-gettext --enable-threads=posix --with-gxx-include-dir=/usr/include/c++/4.8 --libdir=/usr/lib --enable-nls --with-sysroot=/ --enable-clocale=gnu --enable-libstdcxx-debug --enable-libstdcxx-time=yes --enable-gnu-unique-object --disable-libmudflap --enable-plugin --with-system-zlib --disable-browser-plugin --enable-java-awt=gtk --enable-gtk-cairo --with-java-home=/usr/lib/jvm/java-1.5.0-gcj-4.8-amd64/jre --enable-java-home --with-jvm-root-dir=/usr/lib/jvm/java-1.5.0-gcj-4.8-amd64 --with-jvm-jar-dir=/usr/lib/jvm-exports/java-1.5.0-gcj-4.8-amd64 --with-arch-directory=amd64 --with-ecj-jar=/usr/share/java/eclipse-ecj.jar --enable-objc-gc --enable-multiarch --disable-werror --with-arch-32=i686 --with-abi=m64 --with-multilib-list=m32,m64,mx32 --with-tune=generic --enable-checking=release --build=x86_64-linux-gnu --host=x86_64-linux-gnu --target=x86_64-linux-gnu
Thread model: posix
gcc version 4.8.2 (Ubuntu 4.8.2-19ubuntu1) 
COMPILER_PATH=/usr/lib/gcc/x86_64-linux-gnu/4.8/:/usr/lib/gcc/x86_64-linux-gnu/4.8/:/usr/lib/gcc/x86_64-linux-gnu/:/usr/lib/gcc/x86_64-linux-gnu/4.8/:/usr/lib/gcc/x86_64-linux-gnu/
LIBRARY_PATH=/usr/lib/gcc/x86_64-linux-gnu/4.8/:/usr/lib/gcc/x86_64-linux-gnu/4.8/../../../x86_64-linux-gnu/:/usr/lib/gcc/x86_64-linux-gnu/4.8/../../../../lib/:/lib/x86_64-linux-gnu/:/lib/../lib/:/usr/lib/x86_64-linux-gnu/:/usr/lib/../lib/:/usr/lib/gcc/x86_64-linux-gnu/4.8/../../../:/lib/:/usr/lib/
COLLECT_GCC_OPTIONS='-v' '-o' 'cmTryCompileExec149576622' '-rdynamic' '-mtune=generic' '-march=x86-64'
 /usr/lib/gcc/x86_64-linux-gnu/4.8/collect2 --sysroot=/ --build-id --eh-frame-hdr -m elf_x86_64 --hash-style=gnu --as-needed -export-dynamic -dynamic-linker /lib64/ld-linux-x86-64.so.2 -z relro -o cmTryCompileExec149576622 /usr/lib/gcc/x86_64-linux-gnu/4.8/../../../x86_64-linux-gnu/crt1.o /usr/lib/gcc/x86_64-linux-gnu/4.8/../../../x86_64-linux-gnu/crti.o /usr/lib/gcc/x86_64-linux-gnu/4.8/crtbegin.o -L/usr/lib/gcc/x86_64-linux-gnu/4.8 -L/usr/lib/gcc/x86_64-linux-gnu/4.8/../../../x86_64-linux-gnu -L/usr/lib/gcc/x86_64-linux-gnu/4.8/../../../../lib -L/lib/x86_64-linux-gnu -L/lib/../lib -L/usr/lib/x86_64-linux-gnu -L/usr/lib/../lib -L/usr/lib/gcc/x86_64-linux-gnu/4.8/../../.. CMakeFiles/cmTryCompileExec149576622.dir/CMakeCCompilerABI.c.o -lgcc --as-needed -lgcc_s --no-as-needed -lc -lgcc --as-needed -lgcc_s --no-as-needed /usr/lib/gcc/x86_64-linux-gnu/4.8/crtend.o /usr/lib/gcc/x86_64-linux-gnu/4.8/../../../x86_64-linux-gnu/crtn.o
make[3]: Leaving directory `/home/noha/Documents/Hiwi/overfeat/src/TH/build/CMakeFiles/CMakeTmp'
make[2]: Leaving directory `/home/noha/Documents/Hiwi/overfeat/src/TH/build/CMakeFiles/CMakeTmp'


Parsed C implicit link information from above output:
  link line regex: [^( *|.*[/\])(ld|([^/\]+-)?ld|collect2)[^/\]*( |$)]
  ignore line: [Change Dir: /home/noha/Documents/Hiwi/overfeat/src/TH/build/CMakeFiles/CMakeTmp]
  ignore line: []
  ignore line: [Run Build Command:/usr/bin/make "cmTryCompileExec149576622/fast"]
  ignore line: [make[2]: Entering directory `/home/noha/Documents/Hiwi/overfeat/src/TH/build/CMakeFiles/CMakeTmp']
  ignore line: [/usr/bin/make -f CMakeFiles/cmTryCompileExec149576622.dir/build.make CMakeFiles/cmTryCompileExec149576622.dir/build]
  ignore line: [make[3]: Entering directory `/home/noha/Documents/Hiwi/overfeat/src/TH/build/CMakeFiles/CMakeTmp']
  ignore line: [/usr/bin/cmake -E cmake_progress_report /home/noha/Documents/Hiwi/overfeat/src/TH/build/CMakeFiles/CMakeTmp/CMakeFiles 1]
  ignore line: [/usr/bin/cmake: /usr/local/lib/libcurl.so.4: no version information available (required by /usr/bin/cmake)]
  ignore line: [Building C object CMakeFiles/cmTryCompileExec149576622.dir/CMakeCCompilerABI.c.o]
  ignore line: [/usr/bin/gcc    -o CMakeFiles/cmTryCompileExec149576622.dir/CMakeCCompilerABI.c.o   -c /usr/share/cmake-2.8/Modules/CMakeCCompilerABI.c]
  ignore line: [Linking C executable cmTryCompileExec149576622]
  ignore line: [/usr/bin/cmake -E cmake_link_script CMakeFiles/cmTryCompileExec149576622.dir/link.txt --verbose=1]
  ignore line: [/usr/bin/cmake: /usr/local/lib/libcurl.so.4: no version information available (required by /usr/bin/cmake)]
  ignore line: [/usr/bin/gcc     -v CMakeFiles/cmTryCompileExec149576622.dir/CMakeCCompilerABI.c.o  -o cmTryCompileExec149576622 -rdynamic  ]
  ignore line: [Using built-in specs.]
  ignore line: [COLLECT_GCC=/usr/bin/gcc]
  ignore line: [COLLECT_LTO_WRAPPER=/usr/lib/gcc/x86_64-linux-gnu/4.8/lto-wrapper]
  ignore line: [Target: x86_64-linux-gnu]
  ignore line: [Configured with: ../src/configure -v --with-pkgversion='Ubuntu 4.8.2-19ubuntu1' --with-bugurl=file:///usr/share/doc/gcc-4.8/README.Bugs --enable-languages=c,c++,java,go,d,fortran,objc,obj-c++ --prefix=/usr --program-suffix=-4.8 --enable-shared --enable-linker-build-id --libexecdir=/usr/lib --without-included-gettext --enable-threads=posix --with-gxx-include-dir=/usr/include/c++/4.8 --libdir=/usr/lib --enable-nls --with-sysroot=/ --enable-clocale=gnu --enable-libstdcxx-debug --enable-libstdcxx-time=yes --enable-gnu-unique-object --disable-libmudflap --enable-plugin --with-system-zlib --disable-browser-plugin --enable-java-awt=gtk --enable-gtk-cairo --with-java-home=/usr/lib/jvm/java-1.5.0-gcj-4.8-amd64/jre --enable-java-home --with-jvm-root-dir=/usr/lib/jvm/java-1.5.0-gcj-4.8-amd64 --with-jvm-jar-dir=/usr/lib/jvm-exports/java-1.5.0-gcj-4.8-amd64 --with-arch-directory=amd64 --with-ecj-jar=/usr/share/java/eclipse-ecj.jar --enable-objc-gc --enable-multiarch --disable-werror --with-arch-32=i686 --with-abi=m64 --with-multilib-list=m32,m64,mx32 --with-tune=generic --enable-checking=release --build=x86_64-linux-gnu --host=x86_64-linux-gnu --target=x86_64-linux-gnu]
  ignore line: [Thread model: posix]
  ignore line: [gcc version 4.8.2 (Ubuntu 4.8.2-19ubuntu1) ]
  ignore line: [COMPILER_PATH=/usr/lib/gcc/x86_64-linux-gnu/4.8/:/usr/lib/gcc/x86_64-linux-gnu/4.8/:/usr/lib/gcc/x86_64-linux-gnu/:/usr/lib/gcc/x86_64-linux-gnu/4.8/:/usr/lib/gcc/x86_64-linux-gnu/]
  ignore line: [LIBRARY_PATH=/usr/lib/gcc/x86_64-linux-gnu/4.8/:/usr/lib/gcc/x86_64-linux-gnu/4.8/../../../x86_64-linux-gnu/:/usr/lib/gcc/x86_64-linux-gnu/4.8/../../../../lib/:/lib/x86_64-linux-gnu/:/lib/../lib/:/usr/lib/x86_64-linux-gnu/:/usr/lib/../lib/:/usr/lib/gcc/x86_64-linux-gnu/4.8/../../../:/lib/:/usr/lib/]
  ignore line: [COLLECT_GCC_OPTIONS='-v' '-o' 'cmTryCompileExec149576622' '-rdynamic' '-mtune=generic' '-march=x86-64']
  link line: [ /usr/lib/gcc/x86_64-linux-gnu/4.8/collect2 --sysroot=/ --build-id --eh-frame-hdr -m elf_x86_64 --hash-style=gnu --as-needed -export-dynamic -dynamic-linker /lib64/ld-linux-x86-64.so.2 -z relro -o cmTryCompileExec149576622 /usr/lib/gcc/x86_64-linux-gnu/4.8/../../../x86_64-linux-gnu/crt1.o /usr/lib/gcc/x86_64-linux-gnu/4.8/../../../x86_64-linux-gnu/crti.o /usr/lib/gcc/x86_64-linux-gnu/4.8/crtbegin.o -L/usr/lib/gcc/x86_64-linux-gnu/4.8 -L/usr/lib/gcc/x86_64-linux-gnu/4.8/../../../x86_64-linux-gnu -L/usr/lib/gcc/x86_64-linux-gnu/4.8/../../../../lib -L/lib/x86_64-linux-gnu -L/lib/../lib -L/usr/lib/x86_64-linux-gnu -L/usr/lib/../lib -L/usr/lib/gcc/x86_64-linux-gnu/4.8/../../.. CMakeFiles/cmTryCompileExec149576622.dir/CMakeCCompilerABI.c.o -lgcc --as-needed -lgcc_s --no-as-needed -lc -lgcc --as-needed -lgcc_s --no-as-needed /usr/lib/gcc/x86_64-linux-gnu/4.8/crtend.o /usr/lib/gcc/x86_64-linux-gnu/4.8/../../../x86_64-linux-gnu/crtn.o]
    arg [/usr/lib/gcc/x86_64-linux-gnu/4.8/collect2] ==> ignore
    arg [--sysroot=/] ==> ignore
    arg [--build-id] ==> ignore
    arg [--eh-frame-hdr] ==> ignore
    arg [-m] ==> ignore
    arg [elf_x86_64] ==> ignore
    arg [--hash-style=gnu] ==> ignore
    arg [--as-needed] ==> ignore
    arg [-export-dynamic] ==> ignore
    arg [-dynamic-linker] ==> ignore
    arg [/lib64/ld-linux-x86-64.so.2] ==> ignore
    arg [-zrelro] ==> ignore
    arg [-o] ==> ignore
    arg [cmTryCompileExec149576622] ==> ignore
    arg [/usr/lib/gcc/x86_64-linux-gnu/4.8/../../../x86_64-linux-gnu/crt1.o] ==> ignore
    arg [/usr/lib/gcc/x86_64-linux-gnu/4.8/../../../x86_64-linux-gnu/crti.o] ==> ignore
    arg [/usr/lib/gcc/x86_64-linux-gnu/4.8/crtbegin.o] ==> ignore
    arg [-L/usr/lib/gcc/x86_64-linux-gnu/4.8] ==> dir [/usr/lib/gcc/x86_64-linux-gnu/4.8]
    arg [-L/usr/lib/gcc/x86_64-linux-gnu/4.8/../../../x86_64-linux-gnu] ==> dir [/usr/lib/gcc/x86_64-linux-gnu/4.8/../../../x86_64-linux-gnu]
    arg [-L/usr/lib/gcc/x86_64-linux-gnu/4.8/../../../../lib] ==> dir [/usr/lib/gcc/x86_64-linux-gnu/4.8/../../../../lib]
    arg [-L/lib/x86_64-linux-gnu] ==> dir [/lib/x86_64-linux-gnu]
    arg [-L/lib/../lib] ==> dir [/lib/../lib]
    arg [-L/usr/lib/x86_64-linux-gnu] ==> dir [/usr/lib/x86_64-linux-gnu]
    arg [-L/usr/lib/../lib] ==> dir [/usr/lib/../lib]
    arg [-L/usr/lib/gcc/x86_64-linux-gnu/4.8/../../..] ==> dir [/usr/lib/gcc/x86_64-linux-gnu/4.8/../../..]
    arg [CMakeFiles/cmTryCompileExec149576622.dir/CMakeCCompilerABI.c.o] ==> ignore
    arg [-lgcc] ==> lib [gcc]
    arg [--as-needed] ==> ignore
    arg [-lgcc_s] ==> lib [gcc_s]
    arg [--no-as-needed] ==> ignore
    arg [-lc] ==> lib [c]
    arg [-lgcc] ==> lib [gcc]
    arg [--as-needed] ==> ignore
    arg [-lgcc_s] ==> lib [gcc_s]
    arg [--no-as-needed] ==> ignore
    arg [/usr/lib/gcc/x86_64-linux-gnu/4.8/crtend.o] ==> ignore
    arg [/usr/lib/gcc/x86_64-linux-gnu/4.8/../../../x86_64-linux-gnu/crtn.o] ==> ignore
  remove lib [gcc]
  remove lib [gcc_s]
  remove lib [gcc]
  remove lib [gcc_s]
  collapse library dir [/usr/lib/gcc/x86_64-linux-gnu/4.8] ==> [/usr/lib/gcc/x86_64-linux-gnu/4.8]
  collapse library dir [/usr/lib/gcc/x86_64-linux-gnu/4.8/../../../x86_64-linux-gnu] ==> [/usr/lib/x86_64-linux-gnu]
  collapse library dir [/usr/lib/gcc/x86_64-linux-gnu/4.8/../../../../lib] ==> [/usr/lib]
  collapse library dir [/lib/x86_64-linux-gnu] ==> [/lib/x86_64-linux-gnu]
  collapse library dir [/lib/../lib] ==> [/lib]
  collapse library dir [/usr/lib/x86_64-linux-gnu] ==> [/usr/lib/x86_64-linux-gnu]
  collapse library dir [/usr/lib/../lib] ==> [/usr/lib]
  collapse library dir [/usr/lib/gcc/x86_64-linux-gnu/4.8/../../..] ==> [/usr/lib]
  implicit libs: [c]
  implicit dirs: [/usr/lib/gcc/x86_64-linux-gnu/4.8;/usr/lib/x86_64-linux-gnu;/usr/lib;/lib/x86_64-linux-gnu;/lib]
  implicit fwks: []


Determining if the CXX compiler works passed with the following output:
Change Dir: /home/noha/Documents/Hiwi/overfeat/src/TH/build/CMakeFiles/CMakeTmp

Run Build Command:/usr/bin/make "cmTryCompileExec3587949030/fast"
make[2]: Entering directory `/home/noha/Documents/Hiwi/overfeat/src/TH/build/CMakeFiles/CMakeTmp'
/usr/bin/make -f CMakeFiles/cmTryCompileExec3587949030.dir/build.make CMakeFiles/cmTryCompileExec3587949030.dir/build
make[3]: Entering directory `/home/noha/Documents/Hiwi/overfeat/src/TH/build/CMakeFiles/CMakeTmp'
/usr/bin/cmake -E cmake_progress_report /home/noha/Documents/Hiwi/overfeat/src/TH/build/CMakeFiles/CMakeTmp/CMakeFiles 1
/usr/bin/cmake: /usr/local/lib/libcurl.so.4: no version information available (required by /usr/bin/cmake)
Building CXX object CMakeFiles/cmTryCompileExec3587949030.dir/testCXXCompiler.cxx.o
/usr/bin/g++     -o CMakeFiles/cmTryCompileExec3587949030.dir/testCXXCompiler.cxx.o -c /home/noha/Documents/Hiwi/overfeat/src/TH/build/CMakeFiles/CMakeTmp/testCXXCompiler.cxx
Linking CXX executable cmTryCompileExec3587949030
/usr/bin/cmake -E cmake_link_script CMakeFiles/cmTryCompileExec3587949030.dir/link.txt --verbose=1
/usr/bin/cmake: /usr/local/lib/libcurl.so.4: no version information available (required by /usr/bin/cmake)
/usr/bin/g++        CMakeFiles/cmTryCompileExec3587949030.dir/testCXXCompiler.cxx.o  -o cmTryCompileExec3587949030 -rdynamic 
make[3]: Leaving directory `/home/noha/Documents/Hiwi/overfeat/src/TH/build/CMakeFiles/CMakeTmp'
make[2]: Leaving directory `/home/noha/Documents/Hiwi/overfeat/src/TH/build/CMakeFiles/CMakeTmp'


Detecting CXX compiler ABI info compiled with the following output:
Change Dir: /home/noha/Documents/Hiwi/overfeat/src/TH/build/CMakeFiles/CMakeTmp

Run Build Command:/usr/bin/make "cmTryCompileExec25063997/fast"
make[2]: Entering directory `/home/noha/Documents/Hiwi/overfeat/src/TH/build/CMakeFiles/CMakeTmp'
/usr/bin/make -f CMakeFiles/cmTryCompileExec25063997.dir/build.make CMakeFiles/cmTryCompileExec25063997.dir/build
make[3]: Entering directory `/home/noha/Documents/Hiwi/overfeat/src/TH/build/CMakeFiles/CMakeTmp'
/usr/bin/cmake -E cmake_progress_report /home/noha/Documents/Hiwi/overfeat/src/TH/build/CMakeFiles/CMakeTmp/CMakeFiles 1
/usr/bin/cmake: /usr/local/lib/libcurl.so.4: no version information available (required by /usr/bin/cmake)
Building CXX object CMakeFiles/cmTryCompileExec25063997.dir/CMakeCXXCompilerABI.cpp.o
/usr/bin/g++     -o CMakeFiles/cmTryCompileExec25063997.dir/CMakeCXXCompilerABI.cpp.o -c /usr/share/cmake-2.8/Modules/CMakeCXXCompilerABI.cpp
Linking CXX executable cmTryCompileExec25063997
/usr/bin/cmake -E cmake_link_script CMakeFiles/cmTryCompileExec25063997.dir/link.txt --verbose=1
/usr/bin/cmake: /usr/local/lib/libcurl.so.4: no version information available (required by /usr/bin/cmake)
/usr/bin/g++      -v CMakeFiles/cmTryCompileExec25063997.dir/CMakeCXXCompilerABI.cpp.o  -o cmTryCompileExec25063997 -rdynamic  
Using built-in specs.
COLLECT_GCC=/usr/bin/g++
COLLECT_LTO_WRAPPER=/usr/lib/gcc/x86_64-linux-gnu/4.8/lto-wrapper
Target: x86_64-linux-gnu
Configured with: ../src/configure -v --with-pkgversion='Ubuntu 4.8.2-19ubuntu1' --with-bugurl=file:///usr/share/doc/gcc-4.8/README.Bugs --enable-languages=c,c++,java,go,d,fortran,objc,obj-c++ --prefix=/usr --program-suffix=-4.8 --enable-shared --enable-linker-build-id --libexecdir=/usr/lib --without-included-gettext --enable-threads=posix --with-gxx-include-dir=/usr/include/c++/4.8 --libdir=/usr/lib --enable-nls --with-sysroot=/ --enable-clocale=gnu --enable-libstdcxx-debug --enable-libstdcxx-time=yes --enable-gnu-unique-object --disable-libmudflap --enable-plugin --with-system-zlib --disable-browser-plugin --enable-java-awt=gtk --enable-gtk-cairo --with-java-home=/usr/lib/jvm/java-1.5.0-gcj-4.8-amd64/jre --enable-java-home --with-jvm-root-dir=/usr/lib/jvm/java-1.5.0-gcj-4.8-amd64 --with-jvm-jar-dir=/usr/lib/jvm-exports/java-1.5.0-gcj-4.8-amd64 --with-arch-directory=amd64 --with-ecj-jar=/usr/share/java/eclipse-ecj.jar --enable-objc-gc --enable-multiarch --disable-werror --with-arch-32=i686 --with-abi=m64 --with-multilib-list=m32,m64,mx32 --with-tune=generic --enable-checking=release --build=x86_64-linux-gnu --host=x86_64-linux-gnu --target=x86_64-linux-gnu
Thread model: posix
gcc version 4.8.2 (Ubuntu 4.8.2-19ubuntu1) 
COMPILER_PATH=/usr/lib/gcc/x86_64-linux-gnu/4.8/:/usr/lib/gcc/x86_64-linux-gnu/4.8/:/usr/lib/gcc/x86_64-linux-gnu/:/usr/lib/gcc/x86_64-linux-gnu/4.8/:/usr/lib/gcc/x86_64-linux-gnu/
LIBRARY_PATH=/usr/lib/gcc/x86_64-linux-gnu/4.8/:/usr/lib/gcc/x86_64-linux-gnu/4.8/../../../x86_64-linux-gnu/:/usr/lib/gcc/x86_64-linux-gnu/4.8/../../../../lib/:/lib/x86_64-linux-gnu/:/lib/../lib/:/usr/lib/x86_64-linux-gnu/:/usr/lib/../lib/:/usr/lib/gcc/x86_64-linux-gnu/4.8/../../../:/lib/:/usr/lib/
COLLECT_GCC_OPTIONS='-v' '-o' 'cmTryCompileExec25063997' '-rdynamic' '-shared-libgcc' '-mtune=generic' '-march=x86-64'
 /usr/lib/gcc/x86_64-linux-gnu/4.8/collect2 --sysroot=/ --build-id --eh-frame-hdr -m elf_x86_64 --hash-style=gnu --as-needed -export-dynamic -dynamic-linker /lib64/ld-linux-x86-64.so.2 -z relro -o cmTryCompileExec25063997 /usr/lib/gcc/x86_64-linux-gnu/4.8/../../../x86_64-linux-gnu/crt1.o /usr/lib/gcc/x86_64-linux-gnu/4.8/../../../x86_64-linux-gnu/crti.o /usr/lib/gcc/x86_64-linux-gnu/4.8/crtbegin.o -L/usr/lib/gcc/x86_64-linux-gnu/4.8 -L/usr/lib/gcc/x86_64-linux-gnu/4.8/../../../x86_64-linux-gnu -L/usr/lib/gcc/x86_64-linux-gnu/4.8/../../../../lib -L/lib/x86_64-linux-gnu -L/lib/../lib -L/usr/lib/x86_64-linux-gnu -L/usr/lib/../lib -L/usr/lib/gcc/x86_64-linux-gnu/4.8/../../.. CMakeFiles/cmTryCompileExec25063997.dir/CMakeCXXCompilerABI.cpp.o -lstdc++ -lm -lgcc_s -lgcc -lc -lgcc_s -lgcc /usr/lib/gcc/x86_64-linux-gnu/4.8/crtend.o /usr/lib/gcc/x86_64-linux-gnu/4.8/../../../x86_64-linux-gnu/crtn.o
make[3]: Leaving directory `/home/noha/Documents/Hiwi/overfeat/src/TH/build/CMakeFiles/CMakeTmp'
make[2]: Leaving directory `/home/noha/Documents/Hiwi/overfeat/src/TH/build/CMakeFiles/CMakeTmp'


Parsed CXX implicit link information from above output:
  link line regex: [^( *|.*[/\])(ld|([^/\]+-)?ld|collect2)[^/\]*( |$)]
  ignore line: [Change Dir: /home/noha/Documents/Hiwi/overfeat/src/TH/build/CMakeFiles/CMakeTmp]
  ignore line: []
  ignore line: [Run Build Command:/usr/bin/make "cmTryCompileExec25063997/fast"]
  ignore line: [make[2]: Entering directory `/home/noha/Documents/Hiwi/overfeat/src/TH/build/CMakeFiles/CMakeTmp']
  ignore line: [/usr/bin/make -f CMakeFiles/cmTryCompileExec25063997.dir/build.make CMakeFiles/cmTryCompileExec25063997.dir/build]
  ignore line: [make[3]: Entering directory `/home/noha/Documents/Hiwi/overfeat/src/TH/build/CMakeFiles/CMakeTmp']
  ignore line: [/usr/bin/cmake -E cmake_progress_report /home/noha/Documents/Hiwi/overfeat/src/TH/build/CMakeFiles/CMakeTmp/CMakeFiles 1]
  ignore line: [/usr/bin/cmake: /usr/local/lib/libcurl.so.4: no version information available (required by /usr/bin/cmake)]
  ignore line: [Building CXX object CMakeFiles/cmTryCompileExec25063997.dir/CMakeCXXCompilerABI.cpp.o]
  ignore line: [/usr/bin/g++     -o CMakeFiles/cmTryCompileExec25063997.dir/CMakeCXXCompilerABI.cpp.o -c /usr/share/cmake-2.8/Modules/CMakeCXXCompilerABI.cpp]
  ignore line: [Linking CXX executable cmTryCompileExec25063997]
  ignore line: [/usr/bin/cmake -E cmake_link_script CMakeFiles/cmTryCompileExec25063997.dir/link.txt --verbose=1]
  ignore line: [/usr/bin/cmake: /usr/local/lib/libcurl.so.4: no version information available (required by /usr/bin/cmake)]
  ignore line: [/usr/bin/g++      -v CMakeFiles/cmTryCompileExec25063997.dir/CMakeCXXCompilerABI.cpp.o  -o cmTryCompileExec25063997 -rdynamic  ]
  ignore line: [Using built-in specs.]
  ignore line: [COLLECT_GCC=/usr/bin/g++]
  ignore line: [COLLECT_LTO_WRAPPER=/usr/lib/gcc/x86_64-linux-gnu/4.8/lto-wrapper]
  ignore line: [Target: x86_64-linux-gnu]
  ignore line: [Configured with: ../src/configure -v --with-pkgversion='Ubuntu 4.8.2-19ubuntu1' --with-bugurl=file:///usr/share/doc/gcc-4.8/README.Bugs --enable-languages=c,c++,java,go,d,fortran,objc,obj-c++ --prefix=/usr --program-suffix=-4.8 --enable-shared --enable-linker-build-id --libexecdir=/usr/lib --without-included-gettext --enable-threads=posix --with-gxx-include-dir=/usr/include/c++/4.8 --libdir=/usr/lib --enable-nls --with-sysroot=/ --enable-clocale=gnu --enable-libstdcxx-debug --enable-libstdcxx-time=yes --enable-gnu-unique-object --disable-libmudflap --enable-plugin --with-system-zlib --disable-browser-plugin --enable-java-awt=gtk --enable-gtk-cairo --with-java-home=/usr/lib/jvm/java-1.5.0-gcj-4.8-amd64/jre --enable-java-home --with-jvm-root-dir=/usr/lib/jvm/java-1.5.0-gcj-4.8-amd64 --with-jvm-jar-dir=/usr/lib/jvm-exports/java-1.5.0-gcj-4.8-amd64 --with-arch-directory=amd64 --with-ecj-jar=/usr/share/java/eclipse-ecj.jar --enable-objc-gc --enable-multiarch --disable-werror --with-arch-32=i686 --with-abi=m64 --with-multilib-list=m32,m64,mx32 --with-tune=generic --enable-checking=release --build=x86_64-linux-gnu --host=x86_64-linux-gnu --target=x86_64-linux-gnu]
  ignore line: [Thread model: posix]
  ignore line: [gcc version 4.8.2 (Ubuntu 4.8.2-19ubuntu1) ]
  ignore line: [COMPILER_PATH=/usr/lib/gcc/x86_64-linux-gnu/4.8/:/usr/lib/gcc/x86_64-linux-gnu/4.8/:/usr/lib/gcc/x86_64-linux-gnu/:/usr/lib/gcc/x86_64-linux-gnu/4.8/:/usr/lib/gcc/x86_64-linux-gnu/]
  ignore line: [LIBRARY_PATH=/usr/lib/gcc/x86_64-linux-gnu/4.8/:/usr/lib/gcc/x86_64-linux-gnu/4.8/../../../x86_64-linux-gnu/:/usr/lib/gcc/x86_64-linux-gnu/4.8/../../../../lib/:/lib/x86_64-linux-gnu/:/lib/../lib/:/usr/lib/x86_64-linux-gnu/:/usr/lib/../lib/:/usr/lib/gcc/x86_64-linux-gnu/4.8/../../../:/lib/:/usr/lib/]
  ignore line: [COLLECT_GCC_OPTIONS='-v' '-o' 'cmTryCompileExec25063997' '-rdynamic' '-shared-libgcc' '-mtune=generic' '-march=x86-64']
  link line: [ /usr/lib/gcc/x86_64-linux-gnu/4.8/collect2 --sysroot=/ --build-id --eh-frame-hdr -m elf_x86_64 --hash-style=gnu --as-needed -export-dynamic -dynamic-linker /lib64/ld-linux-x86-64.so.2 -z relro -o cmTryCompileExec25063997 /usr/lib/gcc/x86_64-linux-gnu/4.8/../../../x86_64-linux-gnu/crt1.o /usr/lib/gcc/x86_64-linux-gnu/4.8/../../../x86_64-linux-gnu/crti.o /usr/lib/gcc/x86_64-linux-gnu/4.8/crtbegin.o -L/usr/lib/gcc/x86_64-linux-gnu/4.8 -L/usr/lib/gcc/x86_64-linux-gnu/4.8/../../../x86_64-linux-gnu -L/usr/lib/gcc/x86_64-linux-gnu/4.8/../../../../lib -L/lib/x86_64-linux-gnu -L/lib/../lib -L/usr/lib/x86_64-linux-gnu -L/usr/lib/../lib -L/usr/lib/gcc/x86_64-linux-gnu/4.8/../../.. CMakeFiles/cmTryCompileExec25063997.dir/CMakeCXXCompilerABI.cpp.o -lstdc++ -lm -lgcc_s -lgcc -lc -lgcc_s -lgcc /usr/lib/gcc/x86_64-linux-gnu/4.8/crtend.o /usr/lib/gcc/x86_64-linux-gnu/4.8/../../../x86_64-linux-gnu/crtn.o]
    arg [/usr/lib/gcc/x86_64-linux-gnu/4.8/collect2] ==> ignore
    arg [--sysroot=/] ==> ignore
    arg [--build-id] ==> ignore
    arg [--eh-frame-hdr] ==> ignore
    arg [-m] ==> ignore
    arg [elf_x86_64] ==> ignore
    arg [--hash-style=gnu] ==> ignore
    arg [--as-needed] ==> ignore
    arg [-export-dynamic] ==> ignore
    arg [-dynamic-linker] ==> ignore
    arg [/lib64/ld-linux-x86-64.so.2] ==> ignore
    arg [-zrelro] ==> ignore
    arg [-o] ==> ignore
    arg [cmTryCompileExec25063997] ==> ignore
    arg [/usr/lib/gcc/x86_64-linux-gnu/4.8/../../../x86_64-linux-gnu/crt1.o] ==> ignore
    arg [/usr/lib/gcc/x86_64-linux-gnu/4.8/../../../x86_64-linux-gnu/crti.o] ==> ignore
    arg [/usr/lib/gcc/x86_64-linux-gnu/4.8/crtbegin.o] ==> ignore
    arg [-L/usr/lib/gcc/x86_64-linux-gnu/4.8] ==> dir [/usr/lib/gcc/x86_64-linux-gnu/4.8]
    arg [-L/usr/lib/gcc/x86_64-linux-gnu/4.8/../../../x86_64-linux-gnu] ==> dir [/usr/lib/gcc/x86_64-linux-gnu/4.8/../../../x86_64-linux-gnu]
    arg [-L/usr/lib/gcc/x86_64-linux-gnu/4.8/../../../../lib] ==> dir [/usr/lib/gcc/x86_64-linux-gnu/4.8/../../../../lib]
    arg [-L/lib/x86_64-linux-gnu] ==> dir [/lib/x86_64-linux-gnu]
    arg [-L/lib/../lib] ==> dir [/lib/../lib]
    arg [-L/usr/lib/x86_64-linux-gnu] ==> dir [/usr/lib/x86_64-linux-gnu]
    arg [-L/usr/lib/../lib] ==> dir [/usr/lib/../lib]
    arg [-L/usr/lib/gcc/x86_64-linux-gnu/4.8/../../..] ==> dir [/usr/lib/gcc/x86_64-linux-gnu/4.8/../../..]
    arg [CMakeFiles/cmTryCompileExec25063997.dir/CMakeCXXCompilerABI.cpp.o] ==> ignore
    arg [-lstdc++] ==> lib [stdc++]
    arg [-lm] ==> lib [m]
    arg [-lgcc_s] ==> lib [gcc_s]
    arg [-lgcc] ==> lib [gcc]
    arg [-lc] ==> lib [c]
    arg [-lgcc_s] ==> lib [gcc_s]
    arg [-lgcc] ==> lib [gcc]
    arg [/usr/lib/gcc/x86_64-linux-gnu/4.8/crtend.o] ==> ignore
    arg [/usr/lib/gcc/x86_64-linux-gnu/4.8/../../../x86_64-linux-gnu/crtn.o] ==> ignore
  remove lib [gcc_s]
  remove lib [gcc]
  remove lib [gcc_s]
  remove lib [gcc]
  collapse library dir [/usr/lib/gcc/x86_64-linux-gnu/4.8] ==> [/usr/lib/gcc/x86_64-linux-gnu/4.8]
  collapse library dir [/usr/lib/gcc/x86_64-linux-gnu/4.8/../../../x86_64-linux-gnu] ==> [/usr/lib/x86_64-linux-gnu]
  collapse library dir [/usr/lib/gcc/x86_64-linux-gnu/4.8/../../../../lib] ==> [/usr/lib]
  collapse library dir [/lib/x86_64-linux-gnu] ==> [/lib/x86_64-linux-gnu]
  collapse library dir [/lib/../lib] ==> [/lib]
  collapse library dir [/usr/lib/x86_64-linux-gnu] ==> [/usr/lib/x86_64-linux-gnu]
  collapse library dir [/usr/lib/../lib] ==> [/usr/lib]
  collapse library dir [/usr/lib/gcc/x86_64-linux-gnu/4.8/../../..] ==> [/usr/lib]
  implicit libs: [stdc++;m;c]
  implicit dirs: [/usr/lib/gcc/x86_64-linux-gnu/4.8;/usr/lib/x86_64-linux-gnu;/usr/lib;/lib/x86_64-linux-gnu;/lib]
  implicit fwks: []


Performing C SOURCE FILE Test OpenMP_FLAG_DETECTED succeded with the following output:
Change Dir: /home/noha/Documents/Hiwi/overfeat/src/TH/build/CMakeFiles/CMakeTmp

Run Build Command:/usr/bin/make "cmTryCompileExec745606414/fast"
make[2]: Entering directory `/home/noha/Documents/Hiwi/overfeat/src/TH/build/CMakeFiles/CMakeTmp'
/usr/bin/make -f CMakeFiles/cmTryCompileExec745606414.dir/build.make CMakeFiles/cmTryCompileExec745606414.dir/build
make[3]: Entering directory `/home/noha/Documents/Hiwi/overfeat/src/TH/build/CMakeFiles/CMakeTmp'
/usr/bin/cmake -E cmake_progress_report /home/noha/Documents/Hiwi/overfeat/src/TH/build/CMakeFiles/CMakeTmp/CMakeFiles 1
/usr/bin/cmake: /usr/local/lib/libcurl.so.4: no version information available (required by /usr/bin/cmake)
Building C object CMakeFiles/cmTryCompileExec745606414.dir/src.c.o
/usr/bin/gcc   -DOpenMP_FLAG_DETECTED -fopenmp   -o CMakeFiles/cmTryCompileExec745606414.dir/src.c.o   -c /home/noha/Documents/Hiwi/overfeat/src/TH/build/CMakeFiles/CMakeTmp/src.c
Linking C executable cmTryCompileExec745606414
/usr/bin/cmake -E cmake_link_script CMakeFiles/cmTryCompileExec745606414.dir/link.txt --verbose=1
/usr/bin/cmake: /usr/local/lib/libcurl.so.4: no version information available (required by /usr/bin/cmake)
/usr/bin/gcc   -DOpenMP_FLAG_DETECTED -fopenmp    CMakeFiles/cmTryCompileExec745606414.dir/src.c.o  -o cmTryCompileExec745606414 -rdynamic 
make[3]: Leaving directory `/home/noha/Documents/Hiwi/overfeat/src/TH/build/CMakeFiles/CMakeTmp'
make[2]: Leaving directory `/home/noha/Documents/Hiwi/overfeat/src/TH/build/CMakeFiles/CMakeTmp'

Source file was:

#include <omp.h>
int main() {
#ifdef _OPENMP
  return 0;
#else
  breaks_on_purpose
#endif
}

Performing C++ SOURCE FILE Test OpenMP_FLAG_DETECTED succeded with the following output:
Change Dir: /home/noha/Documents/Hiwi/overfeat/src/TH/build/CMakeFiles/CMakeTmp

Run Build Command:/usr/bin/make "cmTryCompileExec3644919636/fast"
make[2]: Entering directory `/home/noha/Documents/Hiwi/overfeat/src/TH/build/CMakeFiles/CMakeTmp'
/usr/bin/make -f CMakeFiles/cmTryCompileExec3644919636.dir/build.make CMakeFiles/cmTryCompileExec3644919636.dir/build
make[3]: Entering directory `/home/noha/Documents/Hiwi/overfeat/src/TH/build/CMakeFiles/CMakeTmp'
/usr/bin/cmake -E cmake_progress_report /home/noha/Documents/Hiwi/overfeat/src/TH/build/CMakeFiles/CMakeTmp/CMakeFiles 1
/usr/bin/cmake: /usr/local/lib/libcurl.so.4: no version information available (required by /usr/bin/cmake)
Building CXX object CMakeFiles/cmTryCompileExec3644919636.dir/src.cxx.o
/usr/bin/g++    -DOpenMP_FLAG_DETECTED -fopenmp   -o CMakeFiles/cmTryCompileExec3644919636.dir/src.cxx.o -c /home/noha/Documents/Hiwi/overfeat/src/TH/build/CMakeFiles/CMakeTmp/src.cxx
Linking CXX executable cmTryCompileExec3644919636
/usr/bin/cmake -E cmake_link_script CMakeFiles/cmTryCompileExec3644919636.dir/link.txt --verbose=1
/usr/bin/cmake: /usr/local/lib/libcurl.so.4: no version information available (required by /usr/bin/cmake)
/usr/bin/g++    -DOpenMP_FLAG_DETECTED -fopenmp    CMakeFiles/cmTryCompileExec3644919636.dir/src.cxx.o  -o cmTryCompileExec3644919636 -rdynamic 
make[3]: Leaving directory `/home/noha/Documents/Hiwi/overfeat/src/TH/build/CMakeFiles/CMakeTmp'
make[2]: Leaving directory `/home/noha/Documents/Hiwi/overfeat/src/TH/build/CMakeFiles/CMakeTmp'

Source file was:

#include <omp.h>
int main() {
#ifdef _OPENMP
  return 0;
#else
  breaks_on_purpose
#endif
}

Determining if the function mmap exists passed with the following output:
Change Dir: /home/noha/Documents/Hiwi/overfeat/src/TH/build/CMakeFiles/CMakeTmp

Run Build Command:/usr/bin/make "cmTryCompileExec142764855/fast"
make[2]: Entering directory `/home/noha/Documents/Hiwi/overfeat/src/TH/build/CMakeFiles/CMakeTmp'
/usr/bin/make -f CMakeFiles/cmTryCompileExec142764855.dir/build.make CMakeFiles/cmTryCompileExec142764855.dir/build
make[3]: Entering directory `/home/noha/Documents/Hiwi/overfeat/src/TH/build/CMakeFiles/CMakeTmp'
/usr/bin/cmake -E cmake_progress_report /home/noha/Documents/Hiwi/overfeat/src/TH/build/CMakeFiles/CMakeTmp/CMakeFiles 1
/usr/bin/cmake: /usr/local/lib/libcurl.so.4: no version information available (required by /usr/bin/cmake)
Building C object CMakeFiles/cmTryCompileExec142764855.dir/CheckFunctionExists.c.o
/usr/bin/gcc   -fopenmp -DCHECK_FUNCTION_EXISTS=mmap   -o CMakeFiles/cmTryCompileExec142764855.dir/CheckFunctionExists.c.o   -c /usr/share/cmake-2.8/Modules/CheckFunctionExists.c
Linking C executable cmTryCompileExec142764855
/usr/bin/cmake -E cmake_link_script CMakeFiles/cmTryCompileExec142764855.dir/link.txt --verbose=1
/usr/bin/cmake: /usr/local/lib/libcurl.so.4: no version information available (required by /usr/bin/cmake)
/usr/bin/gcc   -fopenmp -DCHECK_FUNCTION_EXISTS=mmap    CMakeFiles/cmTryCompileExec142764855.dir/CheckFunctionExists.c.o  -o cmTryCompileExec142764855 -rdynamic 
make[3]: Leaving directory `/home/noha/Documents/Hiwi/overfeat/src/TH/build/CMakeFiles/CMakeTmp'
make[2]: Leaving directory `/home/noha/Documents/Hiwi/overfeat/src/TH/build/CMakeFiles/CMakeTmp'


Performing C SOURCE FILE Test C_HAS_SSE1_1 succeded with the following output:
Change Dir: /home/noha/Documents/Hiwi/overfeat/src/TH/build/CMakeFiles/CMakeTmp

Run Build Command:/usr/bin/make "cmTryCompileExec1881360870/fast"
make[2]: Entering directory `/home/noha/Documents/Hiwi/overfeat/src/TH/build/CMakeFiles/CMakeTmp'
/usr/bin/make -f CMakeFiles/cmTryCompileExec1881360870.dir/build.make CMakeFiles/cmTryCompileExec1881360870.dir/build
make[3]: Entering directory `/home/noha/Documents/Hiwi/overfeat/src/TH/build/CMakeFiles/CMakeTmp'
/usr/bin/cmake -E cmake_progress_report /home/noha/Documents/Hiwi/overfeat/src/TH/build/CMakeFiles/CMakeTmp/CMakeFiles 1
/usr/bin/cmake: /usr/local/lib/libcurl.so.4: no version information available (required by /usr/bin/cmake)
Building C object CMakeFiles/cmTryCompileExec1881360870.dir/src.c.o
/usr/bin/gcc   -fopenmp -DC_HAS_SSE1_1   -o CMakeFiles/cmTryCompileExec1881360870.dir/src.c.o   -c /home/noha/Documents/Hiwi/overfeat/src/TH/build/CMakeFiles/CMakeTmp/src.c
Linking C executable cmTryCompileExec1881360870
/usr/bin/cmake -E cmake_link_script CMakeFiles/cmTryCompileExec1881360870.dir/link.txt --verbose=1
/usr/bin/cmake: /usr/local/lib/libcurl.so.4: no version information available (required by /usr/bin/cmake)
/usr/bin/gcc   -fopenmp -DC_HAS_SSE1_1    CMakeFiles/cmTryCompileExec1881360870.dir/src.c.o  -o cmTryCompileExec1881360870 -rdynamic 
make[3]: Leaving directory `/home/noha/Documents/Hiwi/overfeat/src/TH/build/CMakeFiles/CMakeTmp'
make[2]: Leaving directory `/home/noha/Documents/Hiwi/overfeat/src/TH/build/CMakeFiles/CMakeTmp'

Return value: 1
Source file was:

  #include <xmmintrin.h>

  int main()
  {
    __m128 a;
    float vals[4] = {0,0,0,0};
    a = _mm_loadu_ps(vals);
    return 0;
  }
Performing C SOURCE FILE Test C_HAS_SSE2_1 succeded with the following output:
Change Dir: /home/noha/Documents/Hiwi/overfeat/src/TH/build/CMakeFiles/CMakeTmp

Run Build Command:/usr/bin/make "cmTryCompileExec2798153916/fast"
make[2]: Entering directory `/home/noha/Documents/Hiwi/overfeat/src/TH/build/CMakeFiles/CMakeTmp'
/usr/bin/make -f CMakeFiles/cmTryCompileExec2798153916.dir/build.make CMakeFiles/cmTryCompileExec2798153916.dir/build
make[3]: Entering directory `/home/noha/Documents/Hiwi/overfeat/src/TH/build/CMakeFiles/CMakeTmp'
/usr/bin/cmake -E cmake_progress_report /home/noha/Documents/Hiwi/overfeat/src/TH/build/CMakeFiles/CMakeTmp/CMakeFiles 1
/usr/bin/cmake: /usr/local/lib/libcurl.so.4: no version information available (required by /usr/bin/cmake)
Building C object CMakeFiles/cmTryCompileExec2798153916.dir/src.c.o
/usr/bin/gcc   -fopenmp -DC_HAS_SSE2_1   -o CMakeFiles/cmTryCompileExec2798153916.dir/src.c.o   -c /home/noha/Documents/Hiwi/overfeat/src/TH/build/CMakeFiles/CMakeTmp/src.c
Linking C executable cmTryCompileExec2798153916
/usr/bin/cmake -E cmake_link_script CMakeFiles/cmTryCompileExec2798153916.dir/link.txt --verbose=1
/usr/bin/cmake: /usr/local/lib/libcurl.so.4: no version information available (required by /usr/bin/cmake)
/usr/bin/gcc   -fopenmp -DC_HAS_SSE2_1    CMakeFiles/cmTryCompileExec2798153916.dir/src.c.o  -o cmTryCompileExec2798153916 -rdynamic 
make[3]: Leaving directory `/home/noha/Documents/Hiwi/overfeat/src/TH/build/CMakeFiles/CMakeTmp'
make[2]: Leaving directory `/home/noha/Documents/Hiwi/overfeat/src/TH/build/CMakeFiles/CMakeTmp'

Return value: 1
Source file was:

  #include <emmintrin.h>

  int main()
  {
    __m128d a;
    double vals[2] = {0,0};
    a = _mm_loadu_pd(vals);
    return 0;
  }
Performing C SOURCE FILE Test C_HAS_SSE3_2 succeded with the following output:
Change Dir: /home/noha/Documents/Hiwi/overfeat/src/TH/build/CMakeFiles/CMakeTmp

Run Build Command:/usr/bin/make "cmTryCompileExec2142477805/fast"
make[2]: Entering directory `/home/noha/Documents/Hiwi/overfeat/src/TH/build/CMakeFiles/CMakeTmp'
/usr/bin/make -f CMakeFiles/cmTryCompileExec2142477805.dir/build.make CMakeFiles/cmTryCompileExec2142477805.dir/build
make[3]: Entering directory `/home/noha/Documents/Hiwi/overfeat/src/TH/build/CMakeFiles/CMakeTmp'
/usr/bin/cmake -E cmake_progress_report /home/noha/Documents/Hiwi/overfeat/src/TH/build/CMakeFiles/CMakeTmp/CMakeFiles 1
/usr/bin/cmake: /usr/local/lib/libcurl.so.4: no version information available (required by /usr/bin/cmake)
Building C object CMakeFiles/cmTryCompileExec2142477805.dir/src.c.o
/usr/bin/gcc   -fopenmp -DC_HAS_SSE3_2 -msse3   -o CMakeFiles/cmTryCompileExec2142477805.dir/src.c.o   -c /home/noha/Documents/Hiwi/overfeat/src/TH/build/CMakeFiles/CMakeTmp/src.c
Linking C executable cmTryCompileExec2142477805
/usr/bin/cmake -E cmake_link_script CMakeFiles/cmTryCompileExec2142477805.dir/link.txt --verbose=1
/usr/bin/cmake: /usr/local/lib/libcurl.so.4: no version information available (required by /usr/bin/cmake)
/usr/bin/gcc   -fopenmp -DC_HAS_SSE3_2 -msse3    CMakeFiles/cmTryCompileExec2142477805.dir/src.c.o  -o cmTryCompileExec2142477805 -rdynamic 
make[3]: Leaving directory `/home/noha/Documents/Hiwi/overfeat/src/TH/build/CMakeFiles/CMakeTmp'
make[2]: Leaving directory `/home/noha/Documents/Hiwi/overfeat/src/TH/build/CMakeFiles/CMakeTmp'

Return value: 1
Source file was:

  #include <pmmintrin.h>

  int main( )
  {
    const int vals[4] = {0,0,0,0};
    __m128i a;
    a = _mm_lddqu_si128( (const __m128i*)vals );
    return 0;
  }
Performing C SOURCE FILE Test C_HAS_SSE4_1_2 succeded with the following output:
Change Dir: /home/noha/Documents/Hiwi/overfeat/src/TH/build/CMakeFiles/CMakeTmp

Run Build Command:/usr/bin/make "cmTryCompileExec128170903/fast"
make[2]: Entering directory `/home/noha/Documents/Hiwi/overfeat/src/TH/build/CMakeFiles/CMakeTmp'
/usr/bin/make -f CMakeFiles/cmTryCompileExec128170903.dir/build.make CMakeFiles/cmTryCompileExec128170903.dir/build
make[3]: Entering directory `/home/noha/Documents/Hiwi/overfeat/src/TH/build/CMakeFiles/CMakeTmp'
/usr/bin/cmake -E cmake_progress_report /home/noha/Documents/Hiwi/overfeat/src/TH/build/CMakeFiles/CMakeTmp/CMakeFiles 1
/usr/bin/cmake: /usr/local/lib/libcurl.so.4: no version information available (required by /usr/bin/cmake)
Building C object CMakeFiles/cmTryCompileExec128170903.dir/src.c.o
/usr/bin/gcc   -fopenmp -DC_HAS_SSE4_1_2 -msse4.1   -o CMakeFiles/cmTryCompileExec128170903.dir/src.c.o   -c /home/noha/Documents/Hiwi/overfeat/src/TH/build/CMakeFiles/CMakeTmp/src.c
Linking C executable cmTryCompileExec128170903
/usr/bin/cmake -E cmake_link_script CMakeFiles/cmTryCompileExec128170903.dir/link.txt --verbose=1
/usr/bin/cmake: /usr/local/lib/libcurl.so.4: no version information available (required by /usr/bin/cmake)
/usr/bin/gcc   -fopenmp -DC_HAS_SSE4_1_2 -msse4.1    CMakeFiles/cmTryCompileExec128170903.dir/src.c.o  -o cmTryCompileExec128170903 -rdynamic 
make[3]: Leaving directory `/home/noha/Documents/Hiwi/overfeat/src/TH/build/CMakeFiles/CMakeTmp'
make[2]: Leaving directory `/home/noha/Documents/Hiwi/overfeat/src/TH/build/CMakeFiles/CMakeTmp'

Return value: 1
Source file was:

  #include <smmintrin.h>

  int main ()
  {
    __m128i a, b;
    __m128i res = _mm_max_epi8(a, b);

    return 0;
  }

Performing C SOURCE FILE Test C_HAS_SSE4_2_2 succeded with the following output:
Change Dir: /home/noha/Documents/Hiwi/overfeat/src/TH/build/CMakeFiles/CMakeTmp

Run Build Command:/usr/bin/make "cmTryCompileExec1937725570/fast"
make[2]: Entering directory `/home/noha/Documents/Hiwi/overfeat/src/TH/build/CMakeFiles/CMakeTmp'
/usr/bin/make -f CMakeFiles/cmTryCompileExec1937725570.dir/build.make CMakeFiles/cmTryCompileExec1937725570.dir/build
make[3]: Entering directory `/home/noha/Documents/Hiwi/overfeat/src/TH/build/CMakeFiles/CMakeTmp'
/usr/bin/cmake -E cmake_progress_report /home/noha/Documents/Hiwi/overfeat/src/TH/build/CMakeFiles/CMakeTmp/CMakeFiles 1
/usr/bin/cmake: /usr/local/lib/libcurl.so.4: no version information available (required by /usr/bin/cmake)
Building C object CMakeFiles/cmTryCompileExec1937725570.dir/src.c.o
/usr/bin/gcc   -fopenmp -DC_HAS_SSE4_2_2 -msse4.2   -o CMakeFiles/cmTryCompileExec1937725570.dir/src.c.o   -c /home/noha/Documents/Hiwi/overfeat/src/TH/build/CMakeFiles/CMakeTmp/src.c
Linking C executable cmTryCompileExec1937725570
/usr/bin/cmake -E cmake_link_script CMakeFiles/cmTryCompileExec1937725570.dir/link.txt --verbose=1
/usr/bin/cmake: /usr/local/lib/libcurl.so.4: no version information available (required by /usr/bin/cmake)
/usr/bin/gcc   -fopenmp -DC_HAS_SSE4_2_2 -msse4.2    CMakeFiles/cmTryCompileExec1937725570.dir/src.c.o  -o cmTryCompileExec1937725570 -rdynamic 
make[3]: Leaving directory `/home/noha/Documents/Hiwi/overfeat/src/TH/build/CMakeFiles/CMakeTmp'
make[2]: Leaving directory `/home/noha/Documents/Hiwi/overfeat/src/TH/build/CMakeFiles/CMakeTmp'

Return value: 1
Source file was:

  #include <nmmintrin.h>

  int main()
  {
    __m128i a, b, c;
    c = _mm_cmpgt_epi64(a, b);
    return 0;
  }

Performing C SOURCE FILE Test CXX_HAS_SSE1_1 succeded with the following output:
Change Dir: /home/noha/Documents/Hiwi/overfeat/src/TH/build/CMakeFiles/CMakeTmp

Run Build Command:/usr/bin/make "cmTryCompileExec4056471668/fast"
make[2]: Entering directory `/home/noha/Documents/Hiwi/overfeat/src/TH/build/CMakeFiles/CMakeTmp'
/usr/bin/make -f CMakeFiles/cmTryCompileExec4056471668.dir/build.make CMakeFiles/cmTryCompileExec4056471668.dir/build
make[3]: Entering directory `/home/noha/Documents/Hiwi/overfeat/src/TH/build/CMakeFiles/CMakeTmp'
/usr/bin/cmake -E cmake_progress_report /home/noha/Documents/Hiwi/overfeat/src/TH/build/CMakeFiles/CMakeTmp/CMakeFiles 1
/usr/bin/cmake: /usr/local/lib/libcurl.so.4: no version information available (required by /usr/bin/cmake)
Building C object CMakeFiles/cmTryCompileExec4056471668.dir/src.c.o
/usr/bin/gcc   -fopenmp -DCXX_HAS_SSE1_1   -o CMakeFiles/cmTryCompileExec4056471668.dir/src.c.o   -c /home/noha/Documents/Hiwi/overfeat/src/TH/build/CMakeFiles/CMakeTmp/src.c
Linking C executable cmTryCompileExec4056471668
/usr/bin/cmake -E cmake_link_script CMakeFiles/cmTryCompileExec4056471668.dir/link.txt --verbose=1
/usr/bin/cmake: /usr/local/lib/libcurl.so.4: no version information available (required by /usr/bin/cmake)
/usr/bin/gcc   -fopenmp -DCXX_HAS_SSE1_1    CMakeFiles/cmTryCompileExec4056471668.dir/src.c.o  -o cmTryCompileExec4056471668 -rdynamic 
make[3]: Leaving directory `/home/noha/Documents/Hiwi/overfeat/src/TH/build/CMakeFiles/CMakeTmp'
make[2]: Leaving directory `/home/noha/Documents/Hiwi/overfeat/src/TH/build/CMakeFiles/CMakeTmp'

Return value: 1
Source file was:

  #include <xmmintrin.h>

  int main()
  {
    __m128 a;
    float vals[4] = {0,0,0,0};
    a = _mm_loadu_ps(vals);
    return 0;
  }
Performing C SOURCE FILE Test CXX_HAS_SSE2_1 succeded with the following output:
Change Dir: /home/noha/Documents/Hiwi/overfeat/src/TH/build/CMakeFiles/CMakeTmp

Run Build Command:/usr/bin/make "cmTryCompileExec3020436563/fast"
make[2]: Entering directory `/home/noha/Documents/Hiwi/overfeat/src/TH/build/CMakeFiles/CMakeTmp'
/usr/bin/make -f CMakeFiles/cmTryCompileExec3020436563.dir/build.make CMakeFiles/cmTryCompileExec3020436563.dir/build
make[3]: Entering directory `/home/noha/Documents/Hiwi/overfeat/src/TH/build/CMakeFiles/CMakeTmp'
/usr/bin/cmake -E cmake_progress_report /home/noha/Documents/Hiwi/overfeat/src/TH/build/CMakeFiles/CMakeTmp/CMakeFiles 1
/usr/bin/cmake: /usr/local/lib/libcurl.so.4: no version information available (required by /usr/bin/cmake)
Building C object CMakeFiles/cmTryCompileExec3020436563.dir/src.c.o
/usr/bin/gcc   -fopenmp -DCXX_HAS_SSE2_1   -o CMakeFiles/cmTryCompileExec3020436563.dir/src.c.o   -c /home/noha/Documents/Hiwi/overfeat/src/TH/build/CMakeFiles/CMakeTmp/src.c
Linking C executable cmTryCompileExec3020436563
/usr/bin/cmake -E cmake_link_script CMakeFiles/cmTryCompileExec3020436563.dir/link.txt --verbose=1
/usr/bin/cmake: /usr/local/lib/libcurl.so.4: no version information available (required by /usr/bin/cmake)
/usr/bin/gcc   -fopenmp -DCXX_HAS_SSE2_1    CMakeFiles/cmTryCompileExec3020436563.dir/src.c.o  -o cmTryCompileExec3020436563 -rdynamic 
make[3]: Leaving directory `/home/noha/Documents/Hiwi/overfeat/src/TH/build/CMakeFiles/CMakeTmp'
make[2]: Leaving directory `/home/noha/Documents/Hiwi/overfeat/src/TH/build/CMakeFiles/CMakeTmp'

Return value: 1
Source file was:

  #include <emmintrin.h>

  int main()
  {
    __m128d a;
    double vals[2] = {0,0};
    a = _mm_loadu_pd(vals);
    return 0;
  }
Performing C SOURCE FILE Test CXX_HAS_SSE3_2 succeded with the following output:
Change Dir: /home/noha/Documents/Hiwi/overfeat/src/TH/build/CMakeFiles/CMakeTmp

Run Build Command:/usr/bin/make "cmTryCompileExec48371108/fast"
make[2]: Entering directory `/home/noha/Documents/Hiwi/overfeat/src/TH/build/CMakeFiles/CMakeTmp'
/usr/bin/make -f CMakeFiles/cmTryCompileExec48371108.dir/build.make CMakeFiles/cmTryCompileExec48371108.dir/build
make[3]: Entering directory `/home/noha/Documents/Hiwi/overfeat/src/TH/build/CMakeFiles/CMakeTmp'
/usr/bin/cmake -E cmake_progress_report /home/noha/Documents/Hiwi/overfeat/src/TH/build/CMakeFiles/CMakeTmp/CMakeFiles 1
/usr/bin/cmake: /usr/local/lib/libcurl.so.4: no version information available (required by /usr/bin/cmake)
Building C object CMakeFiles/cmTryCompileExec48371108.dir/src.c.o
/usr/bin/gcc   -fopenmp -DCXX_HAS_SSE3_2 -msse3   -o CMakeFiles/cmTryCompileExec48371108.dir/src.c.o   -c /home/noha/Documents/Hiwi/overfeat/src/TH/build/CMakeFiles/CMakeTmp/src.c
Linking C executable cmTryCompileExec48371108
/usr/bin/cmake -E cmake_link_script CMakeFiles/cmTryCompileExec48371108.dir/link.txt --verbose=1
/usr/bin/cmake: /usr/local/lib/libcurl.so.4: no version information available (required by /usr/bin/cmake)
/usr/bin/gcc   -fopenmp -DCXX_HAS_SSE3_2 -msse3    CMakeFiles/cmTryCompileExec48371108.dir/src.c.o  -o cmTryCompileExec48371108 -rdynamic 
make[3]: Leaving directory `/home/noha/Documents/Hiwi/overfeat/src/TH/build/CMakeFiles/CMakeTmp'
make[2]: Leaving directory `/home/noha/Documents/Hiwi/overfeat/src/TH/build/CMakeFiles/CMakeTmp'

Return value: 1
Source file was:

  #include <pmmintrin.h>

  int main( )
  {
    const int vals[4] = {0,0,0,0};
    __m128i a;
    a = _mm_lddqu_si128( (const __m128i*)vals );
    return 0;
  }
Performing C SOURCE FILE Test CXX_HAS_SSE4_1_2 succeded with the following output:
Change Dir: /home/noha/Documents/Hiwi/overfeat/src/TH/build/CMakeFiles/CMakeTmp

Run Build Command:/usr/bin/make "cmTryCompileExec1606282644/fast"
make[2]: Entering directory `/home/noha/Documents/Hiwi/overfeat/src/TH/build/CMakeFiles/CMakeTmp'
/usr/bin/make -f CMakeFiles/cmTryCompileExec1606282644.dir/build.make CMakeFiles/cmTryCompileExec1606282644.dir/build
make[3]: Entering directory `/home/noha/Documents/Hiwi/overfeat/src/TH/build/CMakeFiles/CMakeTmp'
/usr/bin/cmake -E cmake_progress_report /home/noha/Documents/Hiwi/overfeat/src/TH/build/CMakeFiles/CMakeTmp/CMakeFiles 1
/usr/bin/cmake: /usr/local/lib/libcurl.so.4: no version information available (required by /usr/bin/cmake)
Building C object CMakeFiles/cmTryCompileExec1606282644.dir/src.c.o
/usr/bin/gcc   -fopenmp -DCXX_HAS_SSE4_1_2 -msse4.1   -o CMakeFiles/cmTryCompileExec1606282644.dir/src.c.o   -c /home/noha/Documents/Hiwi/overfeat/src/TH/build/CMakeFiles/CMakeTmp/src.c
Linking C executable cmTryCompileExec1606282644
/usr/bin/cmake -E cmake_link_script CMakeFiles/cmTryCompileExec1606282644.dir/link.txt --verbose=1
/usr/bin/cmake: /usr/local/lib/libcurl.so.4: no version information available (required by /usr/bin/cmake)
/usr/bin/gcc   -fopenmp -DCXX_HAS_SSE4_1_2 -msse4.1    CMakeFiles/cmTryCompileExec1606282644.dir/src.c.o  -o cmTryCompileExec1606282644 -rdynamic 
make[3]: Leaving directory `/home/noha/Documents/Hiwi/overfeat/src/TH/build/CMakeFiles/CMakeTmp'
make[2]: Leaving directory `/home/noha/Documents/Hiwi/overfeat/src/TH/build/CMakeFiles/CMakeTmp'

Return value: 1
Source file was:

  #include <smmintrin.h>

  int main ()
  {
    __m128i a, b;
    __m128i res = _mm_max_epi8(a, b);

    return 0;
  }

Performing C SOURCE FILE Test CXX_HAS_SSE4_2_2 succeded with the following output:
Change Dir: /home/noha/Documents/Hiwi/overfeat/src/TH/build/CMakeFiles/CMakeTmp

Run Build Command:/usr/bin/make "cmTryCompileExec828109954/fast"
make[2]: Entering directory `/home/noha/Documents/Hiwi/overfeat/src/TH/build/CMakeFiles/CMakeTmp'
/usr/bin/make -f CMakeFiles/cmTryCompileExec828109954.dir/build.make CMakeFiles/cmTryCompileExec828109954.dir/build
make[3]: Entering directory `/home/noha/Documents/Hiwi/overfeat/src/TH/build/CMakeFiles/CMakeTmp'
/usr/bin/cmake -E cmake_progress_report /home/noha/Documents/Hiwi/overfeat/src/TH/build/CMakeFiles/CMakeTmp/CMakeFiles 1
/usr/bin/cmake: /usr/local/lib/libcurl.so.4: no version information available (required by /usr/bin/cmake)
Building C object CMakeFiles/cmTryCompileExec828109954.dir/src.c.o
/usr/bin/gcc   -fopenmp -DCXX_HAS_SSE4_2_2 -msse4.2   -o CMakeFiles/cmTryCompileExec828109954.dir/src.c.o   -c /home/noha/Documents/Hiwi/overfeat/src/TH/build/CMakeFiles/CMakeTmp/src.c
Linking C executable cmTryCompileExec828109954
/usr/bin/cmake -E cmake_link_script CMakeFiles/cmTryCompileExec828109954.dir/link.txt --verbose=1
/usr/bin/cmake: /usr/local/lib/libcurl.so.4: no version information available (required by /usr/bin/cmake)
/usr/bin/gcc   -fopenmp -DCXX_HAS_SSE4_2_2 -msse4.2    CMakeFiles/cmTryCompileExec828109954.dir/src.c.o  -o cmTryCompileExec828109954 -rdynamic 
make[3]: Leaving directory `/home/noha/Documents/Hiwi/overfeat/src/TH/build/CMakeFiles/CMakeTmp'
make[2]: Leaving directory `/home/noha/Documents/Hiwi/overfeat/src/TH/build/CMakeFiles/CMakeTmp'

Return value: 1
Source file was:

  #include <nmmintrin.h>

  int main()
  {
    __m128i a, b, c;
    c = _mm_cmpgt_epi64(a, b);
    return 0;
  }

Performing C SOURCE FILE Test C_HAS_inline succeded with the following output:
Change Dir: /home/noha/Documents/Hiwi/overfeat/src/TH/build/CMakeFiles/CMakeTmp

Run Build Command:/usr/bin/make "cmTryCompileExec922704970/fast"
make[2]: Entering directory `/home/noha/Documents/Hiwi/overfeat/src/TH/build/CMakeFiles/CMakeTmp'
/usr/bin/make -f CMakeFiles/cmTryCompileExec922704970.dir/build.make CMakeFiles/cmTryCompileExec922704970.dir/build
make[3]: Entering directory `/home/noha/Documents/Hiwi/overfeat/src/TH/build/CMakeFiles/CMakeTmp'
/usr/bin/cmake -E cmake_progress_report /home/noha/Documents/Hiwi/overfeat/src/TH/build/CMakeFiles/CMakeTmp/CMakeFiles 1
/usr/bin/cmake: /usr/local/lib/libcurl.so.4: no version information available (required by /usr/bin/cmake)
Building C object CMakeFiles/cmTryCompileExec922704970.dir/src.c.o
/usr/bin/gcc   -msse4.2 -DUSE_SSE4_2 -msse4.1 -DUSE_SSE4_1 -msse3 -DUSE_SSE3   -DUSE_SSE2  -fopenmp -DC_HAS_inline -Dinline=inline -msse4.2 -DUSE_SSE4_2 -msse4.1 -DUSE_SSE4_1 -msse3 -DUSE_SSE3   -DUSE_SSE2  -fopenmp   -o CMakeFiles/cmTryCompileExec922704970.dir/src.c.o   -c /home/noha/Documents/Hiwi/overfeat/src/TH/build/CMakeFiles/CMakeTmp/src.c
Linking C executable cmTryCompileExec922704970
/usr/bin/cmake -E cmake_link_script CMakeFiles/cmTryCompileExec922704970.dir/link.txt --verbose=1
/usr/bin/cmake: /usr/local/lib/libcurl.so.4: no version information available (required by /usr/bin/cmake)
/usr/bin/gcc  -msse4.2 -DUSE_SSE4_2 -msse4.1 -DUSE_SSE4_1 -msse3 -DUSE_SSE3   -DUSE_SSE2  -fopenmp -DC_HAS_inline -Dinline=inline -msse4.2 -DUSE_SSE4_2 -msse4.1 -DUSE_SSE4_1 -msse3 -DUSE_SSE3   -DUSE_SSE2  -fopenmp    CMakeFiles/cmTryCompileExec922704970.dir/src.c.o  -o cmTryCompileExec922704970 -rdynamic 
make[3]: Leaving directory `/home/noha/Documents/Hiwi/overfeat/src/TH/build/CMakeFiles/CMakeTmp'
make[2]: Leaving directory `/home/noha/Documents/Hiwi/overfeat/src/TH/build/CMakeFiles/CMakeTmp'

Return value: 1
Source file was:

       static inline int static_foo()
       {
         return 0;
       }

       int main(int argc, char *argv[])
       {
         static_foo();
         return 0;
       }
